<?xml version="1.0" encoding="UTF-8"?>
<!-- Generated by org.testng.reporters.JUnitXMLReporter -->
<testsuite hostname="LAPTOP-FET714UI" ignored="1" name="Default test" tests="2" failures="0" timestamp="2021-08-26T22:28:11 IST" time="19.767" errors="0">
  <testcase name="f2" time="0.015" classname="com.Practice.testNGskip">
    <skipped/>
  </testcase> <!-- f2 -->
  <testcase name="f3" time="19.684" classname="com.Practice.testNGskip"/>
  <testcase name="f" time="0.0" classname="com.Practice.testNGskip">
    <ignored/>
  </testcase> <!-- f -->
</testsuite> <!-- Default test -->
