<?xml version="1.0" encoding="UTF-8"?>
<testng-results skipped="0" failed="0" ignored="0" total="1" passed="1">
  <reporter-output>
  </reporter-output>
  <suite name="Default suite" duration-ms="33335" started-at="2021-05-27T14:57:33 IST" finished-at="2021-05-27T14:58:06 IST">
    <groups>
    </groups>
    <test name="Default test" duration-ms="33335" started-at="2021-05-27T14:57:33 IST" finished-at="2021-05-27T14:58:06 IST">
      <class name="com.testCases.changePassword_TestCases">
        <test-method status="PASS" signature="Login()[pri:0, instance:com.testCases.changePassword_TestCases@29647f75]" name="Login" is-config="true" duration-ms="18393" started-at="2021-05-27T14:57:33 IST" finished-at="2021-05-27T14:57:51 IST">
          <reporter-output>
          </reporter-output>
        </test-method> <!-- Login -->
        <test-method status="PASS" signature="ChangePassword()[pri:0, instance:com.testCases.changePassword_TestCases@29647f75]" name="ChangePassword" duration-ms="14564" started-at="2021-05-27T14:57:51 IST" finished-at="2021-05-27T14:58:06 IST">
          <reporter-output>
          </reporter-output>
        </test-method> <!-- ChangePassword -->
        <test-method status="PASS" signature="after()[pri:0, instance:com.testCases.changePassword_TestCases@29647f75]" name="after" is-config="true" duration-ms="297" started-at="2021-05-27T14:58:06 IST" finished-at="2021-05-27T14:58:06 IST">
          <reporter-output>
          </reporter-output>
        </test-method> <!-- after -->
      </class> <!-- com.testCases.changePassword_TestCases -->
    </test> <!-- Default test -->
  </suite> <!-- Default suite -->
</testng-results>
