<?xml version="1.0" encoding="UTF-8"?>
<testng-results skipped="0" failed="0" ignored="0" total="1" passed="1">
  <reporter-output>
  </reporter-output>
  <suite name="Default suite" duration-ms="4572" started-at="2021-05-23T23:29:36 IST" finished-at="2021-05-23T23:29:41 IST">
    <groups>
    </groups>
    <test name="Default test" duration-ms="4572" started-at="2021-05-23T23:29:36 IST" finished-at="2021-05-23T23:29:41 IST">
      <class name="com.Practice.extentReport">
        <test-method status="PASS" signature="before()[pri:0, instance:com.Practice.extentReport@7b69c6ba]" name="before" is-config="true" duration-ms="392" started-at="2021-05-23T23:29:36 IST" finished-at="2021-05-23T23:29:37 IST">
          <reporter-output>
          </reporter-output>
        </test-method> <!-- before -->
        <test-method status="PASS" signature="test()[pri:0, instance:com.Practice.extentReport@7b69c6ba]" name="test" duration-ms="4109" started-at="2021-05-23T23:29:37 IST" finished-at="2021-05-23T23:29:41 IST">
          <reporter-output>
          </reporter-output>
        </test-method> <!-- test -->
      </class> <!-- com.Practice.extentReport -->
    </test> <!-- Default test -->
  </suite> <!-- Default suite -->
</testng-results>
