<?xml version="1.0" encoding="UTF-8"?>
<!-- Generated by org.testng.reporters.JUnitReportReporter -->
<testsuite skipped="2" hostname="LAPTOP-FET714UI" name="com.Practice.testNGskip" tests="3" failures="0" timestamp="2022-06-06T22:58:23 IST" time="2.637" errors="1">
  <testcase name="f3" time="2.629" classname="com.Practice.testNGskip">
    <error type="org.openqa.selenium.SessionNotCreatedException" message="session not created: This version of ChromeDriver only supports Chrome version 91
Current browser version is 102.0.5005.63 with binary path C:\Program Files (x86)\Google\Chrome\Application\chrome.exe
Build info: version: &#039;3.141.59&#039;, revision: &#039;e82be7d358&#039;, time: &#039;2018-11-14T08:17:03&#039;
System info: host: &#039;LAPTOP-FET714UI&#039;, ip: &#039;192.168.0.187&#039;, os.name: &#039;Windows 10&#039;, os.arch: &#039;amd64&#039;, os.version: &#039;10.0&#039;, java.version: &#039;1.8.0_271&#039;
Driver info: driver.version: ChromeDriver
remote stacktrace: Backtrace:
	Ordinal0 [0x00D72DB3+2502067]
	Ordinal0 [0x00D0C5B1+2082225]
	Ordinal0 [0x00C12498+1057944]
	Ordinal0 [0x00C305DA+1181146]
	Ordinal0 [0x00C2C43C+1164348]
	Ordinal0 [0x00C29C73+1154163]
	Ordinal0 [0x00C59A22+1350178]
	Ordinal0 [0x00C5967A+1349242]
	Ordinal0 [0x00C55BEB+1334251]
	Ordinal0 [0x00C32174+1188212]
	Ordinal0 [0x00C33009+1191945]
	GetHandleVerifier [0x00EEEC5C+1511084]
	GetHandleVerifier [0x00F98522+2205554]
	GetHandleVerifier [0x00DF3393+480739]
	GetHandleVerifier [0x00DF2579+477129]
	Ordinal0 [0x00D11E5D+2104925]
	Ordinal0 [0x00D163F8+2122744]
	Ordinal0 [0x00D16537+2123063]
	Ordinal0 [0x00D1EE53+2158163]
	BaseThreadInitThunk [0x76716739+25]
	RtlGetFullPathName_UEx [0x779B8FEF+1215]
	RtlGetFullPathName_UEx [0x779B8FBD+1165]
">
      <![CDATA[org.openqa.selenium.SessionNotCreatedException: session not created: This version of ChromeDriver only supports Chrome version 91
Current browser version is 102.0.5005.63 with binary path C:\Program Files (x86)\Google\Chrome\Application\chrome.exe
Build info: version: '3.141.59', revision: 'e82be7d358', time: '2018-11-14T08:17:03'
System info: host: 'LAPTOP-FET714UI', ip: '192.168.0.187', os.name: 'Windows 10', os.arch: 'amd64', os.version: '10.0', java.version: '1.8.0_271'
Driver info: driver.version: ChromeDriver
remote stacktrace: Backtrace:
Ordinal0 [0x00D72DB3+2502067]
Ordinal0 [0x00D0C5B1+2082225]
Ordinal0 [0x00C12498+1057944]
Ordinal0 [0x00C305DA+1181146]
Ordinal0 [0x00C2C43C+1164348]
Ordinal0 [0x00C29C73+1154163]
Ordinal0 [0x00C59A22+1350178]
Ordinal0 [0x00C5967A+1349242]
Ordinal0 [0x00C55BEB+1334251]
Ordinal0 [0x00C32174+1188212]
Ordinal0 [0x00C33009+1191945]
GetHandleVerifier [0x00EEEC5C+1511084]
GetHandleVerifier [0x00F98522+2205554]
GetHandleVerifier [0x00DF3393+480739]
GetHandleVerifier [0x00DF2579+477129]
Ordinal0 [0x00D11E5D+2104925]
Ordinal0 [0x00D163F8+2122744]
Ordinal0 [0x00D16537+2123063]
Ordinal0 [0x00D1EE53+2158163]
BaseThreadInitThunk [0x76716739+25]
RtlGetFullPathName_UEx [0x779B8FEF+1215]
RtlGetFullPathName_UEx [0x779B8FBD+1165]

at sun.reflect.NativeConstructorAccessorImpl.newInstance0(Native Method)
at sun.reflect.NativeConstructorAccessorImpl.newInstance(Unknown Source)
at sun.reflect.DelegatingConstructorAccessorImpl.newInstance(Unknown Source)
at java.lang.reflect.Constructor.newInstance(Unknown Source)
at org.openqa.selenium.remote.W3CHandshakeResponse.lambda$errorHandler$0(W3CHandshakeResponse.java:62)
at org.openqa.selenium.remote.HandshakeResponse.lambda$getResponseFunction$0(HandshakeResponse.java:30)
at org.openqa.selenium.remote.ProtocolHandshake.lambda$createSession$0(ProtocolHandshake.java:126)
at java.util.stream.ReferencePipeline$3$1.accept(Unknown Source)
at java.util.Spliterators$ArraySpliterator.tryAdvance(Unknown Source)
at java.util.stream.ReferencePipeline.forEachWithCancel(Unknown Source)
at java.util.stream.AbstractPipeline.copyIntoWithCancel(Unknown Source)
at java.util.stream.AbstractPipeline.copyInto(Unknown Source)
at java.util.stream.AbstractPipeline.wrapAndCopyInto(Unknown Source)
at java.util.stream.FindOps$FindOp.evaluateSequential(Unknown Source)
at java.util.stream.AbstractPipeline.evaluate(Unknown Source)
at java.util.stream.ReferencePipeline.findFirst(Unknown Source)
at org.openqa.selenium.remote.ProtocolHandshake.createSession(ProtocolHandshake.java:128)
at org.openqa.selenium.remote.ProtocolHandshake.createSession(ProtocolHandshake.java:74)
at org.openqa.selenium.remote.HttpCommandExecutor.execute(HttpCommandExecutor.java:136)
at org.openqa.selenium.remote.service.DriverCommandExecutor.execute(DriverCommandExecutor.java:83)
at org.openqa.selenium.remote.RemoteWebDriver.execute(RemoteWebDriver.java:552)
at org.openqa.selenium.remote.RemoteWebDriver.startSession(RemoteWebDriver.java:213)
at org.openqa.selenium.remote.RemoteWebDriver.<init>(RemoteWebDriver.java:131)
at org.openqa.selenium.chrome.ChromeDriver.<init>(ChromeDriver.java:181)
at org.openqa.selenium.chrome.ChromeDriver.<init>(ChromeDriver.java:168)
at org.openqa.selenium.chrome.ChromeDriver.<init>(ChromeDriver.java:123)
at com.Practice.testNGskip.f3(testNGskip.java:46)
at sun.reflect.NativeMethodAccessorImpl.invoke0(Native Method)
at sun.reflect.NativeMethodAccessorImpl.invoke(Unknown Source)
at sun.reflect.DelegatingMethodAccessorImpl.invoke(Unknown Source)
at java.lang.reflect.Method.invoke(Unknown Source)
at org.testng.internal.MethodInvocationHelper.invokeMethod(MethodInvocationHelper.java:132)
at org.testng.internal.TestInvoker.invokeMethod(TestInvoker.java:599)
at org.testng.internal.TestInvoker.invokeTestMethod(TestInvoker.java:174)
at org.testng.internal.MethodRunner.runInSequence(MethodRunner.java:46)
at org.testng.internal.TestInvoker$MethodInvocationAgent.invoke(TestInvoker.java:822)
at org.testng.internal.TestInvoker.invokeTestMethods(TestInvoker.java:147)
at org.testng.internal.TestMethodWorker.invokeTestMethods(TestMethodWorker.java:146)
at org.testng.internal.TestMethodWorker.run(TestMethodWorker.java:128)
at java.util.ArrayList.forEach(Unknown Source)
at org.testng.TestRunner.privateRun(TestRunner.java:764)
at org.testng.TestRunner.run(TestRunner.java:585)
at org.testng.SuiteRunner.runTest(SuiteRunner.java:384)
at org.testng.SuiteRunner.runSequentially(SuiteRunner.java:378)
at org.testng.SuiteRunner.privateRun(SuiteRunner.java:337)
at org.testng.SuiteRunner.run(SuiteRunner.java:286)
at org.testng.SuiteRunnerWorker.runSuite(SuiteRunnerWorker.java:53)
at org.testng.SuiteRunnerWorker.run(SuiteRunnerWorker.java:96)
at org.testng.TestNG.runSuitesSequentially(TestNG.java:1218)
at org.testng.TestNG.runSuitesLocally(TestNG.java:1140)
at org.testng.TestNG.runSuites(TestNG.java:1069)
at org.testng.TestNG.run(TestNG.java:1037)
at org.testng.remote.AbstractRemoteTestNG.run(AbstractRemoteTestNG.java:115)
at org.testng.remote.RemoteTestNG.initAndRun(RemoteTestNG.java:251)
at org.testng.remote.RemoteTestNG.main(RemoteTestNG.java:77)
]]>
    </error>
  </testcase> <!-- f3 -->
  <system-out/>
  <testcase name="f2" time="0.008" classname="com.Practice.testNGskip">
    <skipped/>
  </testcase> <!-- f2 -->
  <system-out/>
  <testcase name="f" classname="com.Practice.testNGskip">
    <skipped/>
  </testcase> <!-- f -->
  <system-out/>
</testsuite> <!-- com.Practice.testNGskip -->
